[06:24:54] [ServerMain/INFO]: Environment: authHost='https://authserver.mojang.com', accountsHost='https://api.mojang.com', sessionHost='https://sessionserver.mojang.com', servicesHost='https://api.minecraftservices.com', name='PROD'
[06:24:56] [ServerMain/INFO]: Loaded 7 recipes
[06:24:57] [ServerMain/INFO]: Loaded 1271 advancements
[06:24:58] [Server thread/INFO]: Starting minecraft server version 1.20.1
[06:24:58] [Server thread/INFO]: Loading properties
[06:24:58] [Server thread/INFO]: Default game type: SURVIVAL
[06:24:58] [Server thread/INFO]: Generating keypair
[06:24:58] [Server thread/INFO]: Starting Minecraft server on *:25565
[06:24:58] [Server thread/INFO]: Using epoll channel type
[06:24:58] [Server thread/WARN]: **** SERVER IS RUNNING IN OFFLINE/INSECURE MODE!
[06:24:58] [Server thread/WARN]: The server will make no attempt to authenticate usernames. Beware.
[06:24:58] [Server thread/WARN]: While this makes the game possible to play without internet access, it also opens up the ability for hackers to connect with any username they choose.
[06:24:58] [Server thread/WARN]: To change this, set "online-mode" to "true" in the server.properties file.
[06:24:58] [Server thread/INFO]: Preparing level "world"
[06:25:07] [Server thread/INFO]: Preparing start region for dimension minecraft:overworld
[06:25:13] [Worker-Main-1/INFO]: Preparing spawn area: 0%
[06:25:13] [Worker-Main-1/INFO]: Preparing spawn area: 0%
[06:25:13] [Worker-Main-1/INFO]: Preparing spawn area: 0%
[06:25:13] [Worker-Main-1/INFO]: Preparing spawn area: 0%
[06:25:13] [Worker-Main-1/INFO]: Preparing spawn area: 0%
[06:25:14] [Worker-Main-1/INFO]: Preparing spawn area: 0%
[06:25:14] [Worker-Main-1/INFO]: Preparing spawn area: 0%
[06:25:14] [Worker-Main-1/INFO]: Preparing spawn area: 0%
[06:25:14] [Worker-Main-1/INFO]: Preparing spawn area: 0%
[06:25:14] [Worker-Main-1/INFO]: Preparing spawn area: 0%
[06:25:14] [Worker-Main-1/INFO]: Preparing spawn area: 0%
[06:25:14] [Worker-Main-1/INFO]: Preparing spawn area: 0%
[06:25:14] [Worker-Main-1/INFO]: Preparing spawn area: 0%
[06:25:14] [Worker-Main-1/INFO]: Preparing spawn area: 0%
[06:25:14] [Worker-Main-1/INFO]: Preparing spawn area: 0%
[06:25:15] [Worker-Main-1/INFO]: Preparing spawn area: 0%
[06:25:15] [Worker-Main-1/INFO]: Preparing spawn area: 0%
[06:25:16] [Worker-Main-1/INFO]: Preparing spawn area: 0%
[06:25:16] [Server thread/INFO]: Time elapsed: 9109 ms
[06:25:16] [Server thread/INFO]: Done (18.212s)! For help, type "help"
